<?xml version="1.0" encoding="UTF-8"?>
<testsuite xmlns:xsi="http://www.w3.org/2001/XMLSchema-instance" xsi:noNamespaceSchemaLocation="https://maven.apache.org/surefire/maven-surefire-plugin/xsd/surefire-test-report.xsd" version="3.0.2" name="com.spring.probandoCloud.ProbandoCloudApplicationTests" time="6.996" tests="1" errors="0" skipped="0" failures="0">
  <properties>
[...]
</properties>
  <testcase name="contextLoads" classname="com.spring.probandoCloud.ProbandoCloudApplicationTests" time="1.181">
    <system-out><![CDATA[17:58:02.238 [main] INFO org.springframework.test.context.support.AnnotationConfigContextLoaderUtils -- Could not detect default configuration classes for test class [com.spring.probandoCloud.ProbandoCloudApplicationTests]: ProbandoCloudApplicationTests does not declare any static, non-private, non-final, nested classes annotated with @Configuration.
17:58:02.446 [main] INFO org.springframework.boot.test.context.SpringBootTestContextBootstrapper -- Found @SpringBootConfiguration com.spring.probandoCloud.ProbandoCloudApplication for test class com.spring.probandoCloud.ProbandoCloudApplicationTests
17:58:03.112 [main] INFO org.springframework.boot.devtools.restart.RestartApplicationListener -- Restart disabled due to context in which it is running

  .   ____          _            __ _ _
 /\\ / ___'_ __ _ _(_)_ __  __ _ \ \ \ \
( ( )\___ | '_ | '_| | '_ \/ _` | \ \ \ \
 \\/  ___)| |_)| | | | | || (_| |  ) ) ) )
  '  |____| .__|_| |_|_| |_\__, | / / / /
 =========|_|==============|___/=/_/_/_/

 :: Spring Boot ::                (v4.0.1)

2025-12-21T17:58:03.648-03:00  INFO 32176 --- [           main] c.s.p.ProbandoCloudApplicationTests      : Starting ProbandoCloudApplicationTests using Java 17.0.17 with PID 32176 (started by matias in /home/matias/Descargas/Java Proyectos/Codigos TodoCode/spring cloud curso/probando Cloud/probandoCloud)
2025-12-21T17:58:03.656-03:00  INFO 32176 --- [           main] c.s.p.ProbandoCloudApplicationTests      : No active profile set, falling back to 1 default profile: "default"
2025-12-21T17:58:05.664-03:00  INFO 32176 --- [           main] o.s.cloud.context.scope.GenericScope     : BeanFactory id=6e2a6888-089d-34b5-9b70-dfd79d6dd732
2025-12-21T17:58:07.570-03:00  INFO 32176 --- [           main] c.s.p.ProbandoCloudApplicationTests      : Started ProbandoCloudApplicationTests in 4.484 seconds (process running for 6.864)
]]></system-out>
  </testcase>
</testsuite>